Flutter crash report; please file at https://github.com/flutter/flutter/issues.

## command

flutter test --machine --start-paused --name ^awake dedicated server instance$ test/api_test.dart

## exception

NoSuchMethodError: NoSuchMethodError: The method 'shutdown' was called on null.
Receiver: null
Tried calling: shutdown()

```
#0      Object.noSuchMethod (dart:core/runtime/libobject_patch.dart:47:5)
#1      _Compiler.shutdown (package:flutter_tools/src/test/flutter_platform.dart:288:20)
<asynchronous suspension>
#2      _FlutterPlatform.close (package:flutter_tools/src/test/flutter_platform.dart:745:22)
<asynchronous suspension>
#3      Loader.close.<anonymous closure>.<anonymous closure> (package:test/src/runner/loader.dart:306:39)
<asynchronous suspension>
#4      MappedIterator.moveNext (dart:_internal/iterable.dart:392:18)
#5      Future.wait (dart:async/future.dart:387:26)
#6      Loader.close.<anonymous closure> (package:test/src/runner/loader.dart:304:18)
<asynchronous suspension>
#7      new Future.sync (dart:async/future.dart:224:31)
#8      AsyncMemoizer.runOnce (package:async/src/async_memoizer.dart:43:42)
#9      Loader.close (package:test/src/runner/loader.dart:302:32)
#10     Runner.close.<anonymous closure> (package:test/src/runner.dart:226:23)
<asynchronous suspension>
#11     new Future.sync (dart:async/future.dart:224:31)
#12     AsyncMemoizer.runOnce (package:async/src/async_memoizer.dart:43:42)
#13     Runner.close (package:test/src/runner.dart:198:32)
#14     main.close (package:test/src/executable.dart:165:19)
<asynchronous suspension>
#15     main (package:test/src/executable.dart:190:16)
<asynchronous suspension>
#16     runTests (package:flutter_tools/src/test/runner.dart:109:11)
<asynchronous suspension>
#17     TestCommand.runCommand (package:flutter_tools/src/commands/test.dart:151:30)
<asynchronous suspension>
#18     FlutterCommand.verifyThenRunCommand (package:flutter_tools/src/runner/flutter_command.dart:348:18)
#19     _asyncThenWrapperHelper.<anonymous closure> (dart:async/runtime/libasync_patch.dart:77:64)
#20     _rootRunUnary (dart:async/zone.dart:1132:38)
#21     _CustomZone.runUnary (dart:async/zone.dart:1029:19)
#22     _FutureListener.handleValue (dart:async/future_impl.dart:129:18)
#23     Future._propagateToListeners.handleValueCallback (dart:async/future_impl.dart:642:45)
#24     Future._propagateToListeners (dart:async/future_impl.dart:671:32)
#25     Future._complete (dart:async/future_impl.dart:476:7)
#26     _SyncCompleter.complete (dart:async/future_impl.dart:51:12)
#27     _AsyncAwaitCompleter.complete.<anonymous closure> (dart:async/runtime/libasync_patch.dart:33:20)
#28     _rootRun (dart:async/zone.dart:1124:13)
#29     _CustomZone.run (dart:async/zone.dart:1021:19)
#30     _CustomZone.bindCallback.<anonymous closure> (dart:async/zone.dart:947:23)
#31     _microtaskLoop (dart:async/schedule_microtask.dart:41:21)
#32     _startMicrotaskLoop (dart:async/schedule_microtask.dart:50:5)
#33     _runPendingImmediateCallback (dart:isolate/runtime/libisolate_patch.dart:114:13)
#34     _RawReceivePortImpl._handleMessage (dart:isolate/runtime/libisolate_patch.dart:170:5)
```

## flutter doctor

```
[✓] Flutter (Channel dev, v0.5.8, on Mac OS X 10.13.6 17G65, locale en-US)
    • Flutter version 0.5.8 at /Users/pavel/work/flutter
    • Framework revision e4b989bf3d (5 days ago), 2018-08-09 09:45:44 -0700
    • Engine revision 3777931801
    • Dart version 2.0.0-dev.69.5.flutter-eab492385c

[!] Android toolchain - develop for Android devices (Android SDK 25.0.3)
    • Android SDK at /Users/pavel/Library/Android/sdk
    • Android NDK at /Users/pavel/Library/Android/sdk/ndk-bundle
    • Platform android-25, build-tools 25.0.3
    • Java binary at: /Applications/Android Studio.app/Contents/jre/jdk/Contents/Home/bin/java
    • Java version OpenJDK Runtime Environment (build 1.8.0_76-release-b03)
    ✗ Android license status unknown.

[!] iOS toolchain - develop for iOS devices (Xcode 9.4.1)
    • Xcode at /Applications/Xcode.app/Contents/Developer
    • Xcode 9.4.1, Build version 9F2000
    • ios-deploy 1.9.2
    ! CocoaPods out of date (1.5.0 is recommended).
        CocoaPods is used to retrieve the iOS platform side's plugin code that responds to your plugin usage on the Dart side.
        Without resolving iOS dependencies with CocoaPods, plugins will not work on iOS.
        For more info, see https://flutter.io/platform-plugins
      To upgrade:
        brew upgrade cocoapods
        pod setup

[✓] Android Studio (version 2.2)
    • Android Studio at /Applications/Android Studio.app/Contents
    ✗ Flutter plugin not installed; this adds Flutter specific functionality.
    ✗ Dart plugin not installed; this adds Dart specific functionality.
    • Java version OpenJDK Runtime Environment (build 1.8.0_76-release-b03)

[✓] VS Code (version 1.26.0)
    • VS Code at /Applications/Visual Studio Code.app/Contents
    • Flutter extension version 2.17.1

[✓] Connected devices (1 available)
    • iPhone X • 94C33E1D-F2B1-418C-8999-F76A7D7955CA • ios • iOS 11.4 (simulator)

! Doctor found issues in 2 categories.
```
